1569087090719	mozrunner::runner	INFO	Running command: "/Applications/Firefox.app/Contents/MacOS/firefox-bin" "-marionette" "-headless" "-foreground" "-no-remote" "-profile" "/var/folders/c5/nx06g05j6mvd9w63ljhzzdy40000gn/T/rust_mozprofile.EUrI99dllBIb"
*** You are running in headless mode.
1569087091217	addons.webextension.screenshots@mozilla.org	WARN	Loading extension 'screenshots@mozilla.org': Reading manifest: Invalid extension permission: mozillaAddons
1569087091217	addons.webextension.screenshots@mozilla.org	WARN	Loading extension 'screenshots@mozilla.org': Reading manifest: Invalid extension permission: telemetry
1569087091217	addons.webextension.screenshots@mozilla.org	WARN	Loading extension 'screenshots@mozilla.org': Reading manifest: Invalid extension permission: resource://pdf.js/
1569087091217	addons.webextension.screenshots@mozilla.org	WARN	Loading extension 'screenshots@mozilla.org': Reading manifest: Invalid extension permission: about:reader*
1569087092915	Marionette	INFO	Listening on port 61053
1569087093000	Marionette	WARN	TLS certificate errors will be ignored for this session
1569087095338	Marionette	INFO	Stopped listening on port 61053
1569087313882	mozrunner::runner	INFO	Running command: "/Applications/Firefox.app/Contents/MacOS/firefox-bin" "-marionette" "-headless" "-foreground" "-no-remote" "-profile" "/var/folders/c5/nx06g05j6mvd9w63ljhzzdy40000gn/T/rust_mozprofile.GKate5zA1ezj"
*** You are running in headless mode.
1569087314388	addons.webextension.screenshots@mozilla.org	WARN	Loading extension 'screenshots@mozilla.org': Reading manifest: Invalid extension permission: mozillaAddons
1569087314388	addons.webextension.screenshots@mozilla.org	WARN	Loading extension 'screenshots@mozilla.org': Reading manifest: Invalid extension permission: telemetry
1569087314389	addons.webextension.screenshots@mozilla.org	WARN	Loading extension 'screenshots@mozilla.org': Reading manifest: Invalid extension permission: resource://pdf.js/
1569087314389	addons.webextension.screenshots@mozilla.org	WARN	Loading extension 'screenshots@mozilla.org': Reading manifest: Invalid extension permission: about:reader*
1569087316225	Marionette	INFO	Listening on port 62132
1569087316265	Marionette	WARN	TLS certificate errors will be ignored for this session
1569087320742	Marionette	INFO	Stopped listening on port 62132
JavaScript error: https://s0.2mdn.net/879366/html_inpage_rendering_lib_200_260.js, line 130: NS_ERROR_NOT_INITIALIZED: 
JavaScript error: https://s0.2mdn.net/879366/html_inpage_rendering_lib_200_260.js, line 130: NS_ERROR_NOT_INITIALIZED: 

###!!! [Child][MessageChannel] Error: (msgtype=0x610027,name=PNecko::Msg_RemoveRequestContext) Channel closing: too late to send/recv, messages will be lost


###!!! [Child][MessageChannel] Error: (msgtype=0x610027,name=PNecko::Msg_RemoveRequestContext) Channel closing: too late to send/recv, messages will be lost


###!!! [Child][MessageChannel] Error: (msgtype=0x3600C0,name=PContent::Msg_ScriptError) Channel closing: too late to send/recv, messages will be lost


###!!! [Child][MessageChannel] Error: (msgtype=0x3600C0,name=PContent::Msg_ScriptError) Channel closing: too late to send/recv, messages will be lost


###!!! [Child][MessageChannel] Error: (msgtype=0x3600C0,name=PContent::Msg_ScriptError) Channel closing: too late to send/recv, messages will be lost

1569099984641	mozrunner::runner	INFO	Running command: "/Applications/Firefox.app/Contents/MacOS/firefox-bin" "-marionette" "-headless" "-foreground" "-no-remote" "-profile" "/var/folders/c5/nx06g05j6mvd9w63ljhzzdy40000gn/T/rust_mozprofile.WOibuzu45Kmo"
*** You are running in headless mode.
1569099985187	addons.webextension.screenshots@mozilla.org	WARN	Loading extension 'screenshots@mozilla.org': Reading manifest: Invalid extension permission: mozillaAddons
1569099985187	addons.webextension.screenshots@mozilla.org	WARN	Loading extension 'screenshots@mozilla.org': Reading manifest: Invalid extension permission: telemetry
1569099985187	addons.webextension.screenshots@mozilla.org	WARN	Loading extension 'screenshots@mozilla.org': Reading manifest: Invalid extension permission: resource://pdf.js/
1569099985187	addons.webextension.screenshots@mozilla.org	WARN	Loading extension 'screenshots@mozilla.org': Reading manifest: Invalid extension permission: about:reader*
1569099986861	Marionette	INFO	Listening on port 54919
1569099986902	Marionette	WARN	TLS certificate errors will be ignored for this session
1569099990163	Marionette	INFO	Stopped listening on port 54919
1569100028348	mozrunner::runner	INFO	Running command: "/Applications/Firefox.app/Contents/MacOS/firefox-bin" "-marionette" "-headless" "-foreground" "-no-remote" "-profile" "/var/folders/c5/nx06g05j6mvd9w63ljhzzdy40000gn/T/rust_mozprofile.m4fNF5GYUkL2"
*** You are running in headless mode.
1569100029137	addons.webextension.screenshots@mozilla.org	WARN	Loading extension 'screenshots@mozilla.org': Reading manifest: Invalid extension permission: mozillaAddons
1569100029145	addons.webextension.screenshots@mozilla.org	WARN	Loading extension 'screenshots@mozilla.org': Reading manifest: Invalid extension permission: telemetry
1569100029145	addons.webextension.screenshots@mozilla.org	WARN	Loading extension 'screenshots@mozilla.org': Reading manifest: Invalid extension permission: resource://pdf.js/
1569100029145	addons.webextension.screenshots@mozilla.org	WARN	Loading extension 'screenshots@mozilla.org': Reading manifest: Invalid extension permission: about:reader*
1569100031320	Marionette	INFO	Listening on port 55189
1569100031418	Marionette	WARN	TLS certificate errors will be ignored for this session
1569100034018	Marionette	INFO	Stopped listening on port 55189
1569102723349	mozrunner::runner	INFO	Running command: "/Applications/Firefox.app/Contents/MacOS/firefox-bin" "-marionette" "-headless" "-foreground" "-no-remote" "-profile" "/var/folders/c5/nx06g05j6mvd9w63ljhzzdy40000gn/T/rust_mozprofile.JhzXj38kqQD1"
*** You are running in headless mode.
1569102723858	addons.webextension.screenshots@mozilla.org	WARN	Loading extension 'screenshots@mozilla.org': Reading manifest: Invalid extension permission: mozillaAddons
1569102723858	addons.webextension.screenshots@mozilla.org	WARN	Loading extension 'screenshots@mozilla.org': Reading manifest: Invalid extension permission: telemetry
1569102723858	addons.webextension.screenshots@mozilla.org	WARN	Loading extension 'screenshots@mozilla.org': Reading manifest: Invalid extension permission: resource://pdf.js/
1569102723858	addons.webextension.screenshots@mozilla.org	WARN	Loading extension 'screenshots@mozilla.org': Reading manifest: Invalid extension permission: about:reader*
1569102725556	Marionette	INFO	Listening on port 50195
1569102725619	Marionette	WARN	TLS certificate errors will be ignored for this session
JavaScript warning: https://static.adsafeprotected.com/sca.17.4.95.js, line 32: Array.slice is deprecated; use Array.prototype.slice instead
JavaScript warning: https://static.adsafeprotected.com/sca.17.4.95.js, line 32: Array.slice is deprecated; use Array.prototype.slice instead
1569102730561	Marionette	INFO	Stopped listening on port 50195
1569102825603	mozrunner::runner	INFO	Running command: "/Applications/Firefox.app/Contents/MacOS/firefox-bin" "-marionette" "-headless" "-foreground" "-no-remote" "-profile" "/var/folders/c5/nx06g05j6mvd9w63ljhzzdy40000gn/T/rust_mozprofile.TyARof6XlEDI"
*** You are running in headless mode.
1569102826086	addons.webextension.screenshots@mozilla.org	WARN	Loading extension 'screenshots@mozilla.org': Reading manifest: Invalid extension permission: mozillaAddons
1569102826086	addons.webextension.screenshots@mozilla.org	WARN	Loading extension 'screenshots@mozilla.org': Reading manifest: Invalid extension permission: telemetry
1569102826087	addons.webextension.screenshots@mozilla.org	WARN	Loading extension 'screenshots@mozilla.org': Reading manifest: Invalid extension permission: resource://pdf.js/
1569102826087	addons.webextension.screenshots@mozilla.org	WARN	Loading extension 'screenshots@mozilla.org': Reading manifest: Invalid extension permission: about:reader*
1569102827833	Marionette	INFO	Listening on port 50739
1569102827868	Marionette	WARN	TLS certificate errors will be ignored for this session
1569102832513	Marionette	INFO	Stopped listening on port 50739
1569102922581	mozrunner::runner	INFO	Running command: "/Applications/Firefox.app/Contents/MacOS/firefox-bin" "-marionette" "-headless" "-foreground" "-no-remote" "-profile" "/var/folders/c5/nx06g05j6mvd9w63ljhzzdy40000gn/T/rust_mozprofile.buzkjZidavU3"
*** You are running in headless mode.
1569102923075	addons.webextension.screenshots@mozilla.org	WARN	Loading extension 'screenshots@mozilla.org': Reading manifest: Invalid extension permission: mozillaAddons
1569102923075	addons.webextension.screenshots@mozilla.org	WARN	Loading extension 'screenshots@mozilla.org': Reading manifest: Invalid extension permission: telemetry
1569102923075	addons.webextension.screenshots@mozilla.org	WARN	Loading extension 'screenshots@mozilla.org': Reading manifest: Invalid extension permission: resource://pdf.js/
1569102923075	addons.webextension.screenshots@mozilla.org	WARN	Loading extension 'screenshots@mozilla.org': Reading manifest: Invalid extension permission: about:reader*
1569102924803	Marionette	INFO	Listening on port 51313
1569102924851	Marionette	WARN	TLS certificate errors will be ignored for this session
JavaScript warning: https://static.adsafeprotected.com/sca.17.4.95.js, line 32: Array.slice is deprecated; use Array.prototype.slice instead
JavaScript warning: https://static.adsafeprotected.com/sca.17.4.95.js, line 32: Array.slice is deprecated; use Array.prototype.slice instead
1569102929403	Marionette	INFO	Stopped listening on port 51313
1569103228438	mozrunner::runner	INFO	Running command: "/Applications/Firefox.app/Contents/MacOS/firefox-bin" "-marionette" "-headless" "-foreground" "-no-remote" "-profile" "/var/folders/c5/nx06g05j6mvd9w63ljhzzdy40000gn/T/rust_mozprofile.V7HoFqnCD2GE"
*** You are running in headless mode.
1569103228938	addons.webextension.screenshots@mozilla.org	WARN	Loading extension 'screenshots@mozilla.org': Reading manifest: Invalid extension permission: mozillaAddons
1569103228938	addons.webextension.screenshots@mozilla.org	WARN	Loading extension 'screenshots@mozilla.org': Reading manifest: Invalid extension permission: telemetry
1569103228938	addons.webextension.screenshots@mozilla.org	WARN	Loading extension 'screenshots@mozilla.org': Reading manifest: Invalid extension permission: resource://pdf.js/
1569103228938	addons.webextension.screenshots@mozilla.org	WARN	Loading extension 'screenshots@mozilla.org': Reading manifest: Invalid extension permission: about:reader*
1569103230866	Marionette	INFO	Listening on port 52745
1569103230912	Marionette	WARN	TLS certificate errors will be ignored for this session
1569103234170	Marionette	INFO	Stopped listening on port 52745

###!!! [Child][RunMessage] Error: Channel closing: too late to send/recv, messages will be lost

1569103605344	mozrunner::runner	INFO	Running command: "/Applications/Firefox.app/Contents/MacOS/firefox-bin" "-marionette" "-headless" "-foreground" "-no-remote" "-profile" "/var/folders/c5/nx06g05j6mvd9w63ljhzzdy40000gn/T/rust_mozprofile.KmkMSdEze7DU"
*** You are running in headless mode.
1569103605848	addons.webextension.screenshots@mozilla.org	WARN	Loading extension 'screenshots@mozilla.org': Reading manifest: Invalid extension permission: mozillaAddons
1569103605848	addons.webextension.screenshots@mozilla.org	WARN	Loading extension 'screenshots@mozilla.org': Reading manifest: Invalid extension permission: telemetry
1569103605848	addons.webextension.screenshots@mozilla.org	WARN	Loading extension 'screenshots@mozilla.org': Reading manifest: Invalid extension permission: resource://pdf.js/
1569103605848	addons.webextension.screenshots@mozilla.org	WARN	Loading extension 'screenshots@mozilla.org': Reading manifest: Invalid extension permission: about:reader*
1569103607778	Marionette	INFO	Listening on port 54446
1569103607821	Marionette	WARN	TLS certificate errors will be ignored for this session
JavaScript warning: https://static.adsafeprotected.com/sca.17.4.95.js, line 32: Array.slice is deprecated; use Array.prototype.slice instead
JavaScript warning: https://static.adsafeprotected.com/sca.17.4.95.js, line 32: Array.slice is deprecated; use Array.prototype.slice instead
1569103612745	Marionette	INFO	Stopped listening on port 54446
1569103638686	mozrunner::runner	INFO	Running command: "/Applications/Firefox.app/Contents/MacOS/firefox-bin" "-marionette" "-headless" "-foreground" "-no-remote" "-profile" "/var/folders/c5/nx06g05j6mvd9w63ljhzzdy40000gn/T/rust_mozprofile.OawzXcwE1hr5"
*** You are running in headless mode.
1569103639240	addons.webextension.screenshots@mozilla.org	WARN	Loading extension 'screenshots@mozilla.org': Reading manifest: Invalid extension permission: mozillaAddons
1569103639240	addons.webextension.screenshots@mozilla.org	WARN	Loading extension 'screenshots@mozilla.org': Reading manifest: Invalid extension permission: telemetry
1569103639240	addons.webextension.screenshots@mozilla.org	WARN	Loading extension 'screenshots@mozilla.org': Reading manifest: Invalid extension permission: resource://pdf.js/
1569103639240	addons.webextension.screenshots@mozilla.org	WARN	Loading extension 'screenshots@mozilla.org': Reading manifest: Invalid extension permission: about:reader*
1569103641153	Marionette	INFO	Listening on port 54715
1569103641171	Marionette	WARN	TLS certificate errors will be ignored for this session
1569103643862	Marionette	INFO	Stopped listening on port 54715
1569104093430	mozrunner::runner	INFO	Running command: "/Applications/Firefox.app/Contents/MacOS/firefox-bin" "-marionette" "-headless" "-foreground" "-no-remote" "-profile" "/var/folders/c5/nx06g05j6mvd9w63ljhzzdy40000gn/T/rust_mozprofile.01xo7RhsIJru"
*** You are running in headless mode.
1569104093926	addons.webextension.screenshots@mozilla.org	WARN	Loading extension 'screenshots@mozilla.org': Reading manifest: Invalid extension permission: mozillaAddons
1569104093927	addons.webextension.screenshots@mozilla.org	WARN	Loading extension 'screenshots@mozilla.org': Reading manifest: Invalid extension permission: telemetry
1569104093927	addons.webextension.screenshots@mozilla.org	WARN	Loading extension 'screenshots@mozilla.org': Reading manifest: Invalid extension permission: resource://pdf.js/
1569104093927	addons.webextension.screenshots@mozilla.org	WARN	Loading extension 'screenshots@mozilla.org': Reading manifest: Invalid extension permission: about:reader*
1569104095647	Marionette	INFO	Listening on port 56698
1569104095695	Marionette	WARN	TLS certificate errors will be ignored for this session
1569104098059	Marionette	INFO	Stopped listening on port 56698
1569104427463	mozrunner::runner	INFO	Running command: "/Applications/Firefox.app/Contents/MacOS/firefox-bin" "-marionette" "-headless" "-foreground" "-no-remote" "-profile" "/var/folders/c5/nx06g05j6mvd9w63ljhzzdy40000gn/T/rust_mozprofile.kmAtkDvGuIdZ"
*** You are running in headless mode.
1569104427991	addons.webextension.screenshots@mozilla.org	WARN	Loading extension 'screenshots@mozilla.org': Reading manifest: Invalid extension permission: mozillaAddons
1569104427991	addons.webextension.screenshots@mozilla.org	WARN	Loading extension 'screenshots@mozilla.org': Reading manifest: Invalid extension permission: telemetry
1569104427992	addons.webextension.screenshots@mozilla.org	WARN	Loading extension 'screenshots@mozilla.org': Reading manifest: Invalid extension permission: resource://pdf.js/
1569104427992	addons.webextension.screenshots@mozilla.org	WARN	Loading extension 'screenshots@mozilla.org': Reading manifest: Invalid extension permission: about:reader*
1569104429978	Marionette	INFO	Listening on port 58227
1569104430043	Marionette	WARN	TLS certificate errors will be ignored for this session
1569104434546	Marionette	INFO	Stopped listening on port 58227
JavaScript error: https://cdn.doubleverify.com/dv-measurements284.js, line 66: TypeError: h.c.L(...) is undefined
1569104603303	mozrunner::runner	INFO	Running command: "/Applications/Firefox.app/Contents/MacOS/firefox-bin" "-marionette" "-headless" "-foreground" "-no-remote" "-profile" "/var/folders/c5/nx06g05j6mvd9w63ljhzzdy40000gn/T/rust_mozprofile.Txb3TZYF5uoy"
*** You are running in headless mode.
1569104603808	addons.webextension.screenshots@mozilla.org	WARN	Loading extension 'screenshots@mozilla.org': Reading manifest: Invalid extension permission: mozillaAddons
1569104603808	addons.webextension.screenshots@mozilla.org	WARN	Loading extension 'screenshots@mozilla.org': Reading manifest: Invalid extension permission: telemetry
1569104603809	addons.webextension.screenshots@mozilla.org	WARN	Loading extension 'screenshots@mozilla.org': Reading manifest: Invalid extension permission: resource://pdf.js/
1569104603809	addons.webextension.screenshots@mozilla.org	WARN	Loading extension 'screenshots@mozilla.org': Reading manifest: Invalid extension permission: about:reader*
1569104605728	Marionette	INFO	Listening on port 59088
1569104605773	Marionette	WARN	TLS certificate errors will be ignored for this session
1569104610018	Marionette	INFO	Stopped listening on port 59088
1569104836882	mozrunner::runner	INFO	Running command: "/Applications/Firefox.app/Contents/MacOS/firefox-bin" "-marionette" "-headless" "-foreground" "-no-remote" "-profile" "/var/folders/c5/nx06g05j6mvd9w63ljhzzdy40000gn/T/rust_mozprofile.hS2DGA7PApOC"
*** You are running in headless mode.
1569104837412	addons.webextension.screenshots@mozilla.org	WARN	Loading extension 'screenshots@mozilla.org': Reading manifest: Invalid extension permission: mozillaAddons
1569104837412	addons.webextension.screenshots@mozilla.org	WARN	Loading extension 'screenshots@mozilla.org': Reading manifest: Invalid extension permission: telemetry
1569104837412	addons.webextension.screenshots@mozilla.org	WARN	Loading extension 'screenshots@mozilla.org': Reading manifest: Invalid extension permission: resource://pdf.js/
1569104837412	addons.webextension.screenshots@mozilla.org	WARN	Loading extension 'screenshots@mozilla.org': Reading manifest: Invalid extension permission: about:reader*
1569104839127	Marionette	INFO	Listening on port 60174
1569104839162	Marionette	WARN	TLS certificate errors will be ignored for this session
1569104842443	Marionette	INFO	Stopped listening on port 60174
JavaScript error: https://tpc.googlesyndication.com/sodar/Enqz_20U.html, line 35: NS_ERROR_NOT_INITIALIZED: 
JavaScript error: https://tpc.googlesyndication.com/sodar/Enqz_20U.html, line 35: NS_ERROR_NOT_INITIALIZED: 
1569104894885	mozrunner::runner	INFO	Running command: "/Applications/Firefox.app/Contents/MacOS/firefox-bin" "-marionette" "-headless" "-foreground" "-no-remote" "-profile" "/var/folders/c5/nx06g05j6mvd9w63ljhzzdy40000gn/T/rust_mozprofile.ODTJS0kBiUe7"
*** You are running in headless mode.
1569104895385	addons.webextension.screenshots@mozilla.org	WARN	Loading extension 'screenshots@mozilla.org': Reading manifest: Invalid extension permission: mozillaAddons
1569104895385	addons.webextension.screenshots@mozilla.org	WARN	Loading extension 'screenshots@mozilla.org': Reading manifest: Invalid extension permission: telemetry
1569104895385	addons.webextension.screenshots@mozilla.org	WARN	Loading extension 'screenshots@mozilla.org': Reading manifest: Invalid extension permission: resource://pdf.js/
1569104895385	addons.webextension.screenshots@mozilla.org	WARN	Loading extension 'screenshots@mozilla.org': Reading manifest: Invalid extension permission: about:reader*
1569104897116	Marionette	INFO	Listening on port 60520
1569104897165	Marionette	WARN	TLS certificate errors will be ignored for this session
1569104900300	Marionette	INFO	Stopped listening on port 60520
IPDL protocol error: Handler returned error code!

###!!! [Parent][DispatchAsyncMessage] Error: PLayerTransaction::Msg_ReleaseLayer Processing error: message was deserialized, but the handler returned false (indicating failure)

IPDL protocol error: Handler returned error code!

###!!! [Parent][DispatchAsyncMessage] Error: PLayerTransaction::Msg_ReleaseLayer Processing error: message was deserialized, but the handler returned false (indicating failure)

JavaScript error: https://tpc.googlesyndication.com/sodar/Enqz_20U.html, line 35: NS_ERROR_NOT_INITIALIZED: 
JavaScript error: https://tpc.googlesyndication.com/sodar/Enqz_20U.html, line 35: NS_ERROR_NOT_INITIALIZED: 
JavaScript error: https://cdn.doubleverify.com/dv-measurements283.js, line 66: TypeError: h.c.L(...) is undefined
JavaScript error: https://cdn.doubleverify.com/dv-measurements284.js, line 66: TypeError: h.c.L(...) is undefined
1569104920856	mozrunner::runner	INFO	Running command: "/Applications/Firefox.app/Contents/MacOS/firefox-bin" "-marionette" "-headless" "-foreground" "-no-remote" "-profile" "/var/folders/c5/nx06g05j6mvd9w63ljhzzdy40000gn/T/rust_mozprofile.lj0XCLf1Qoln"
*** You are running in headless mode.
1569104921356	addons.webextension.screenshots@mozilla.org	WARN	Loading extension 'screenshots@mozilla.org': Reading manifest: Invalid extension permission: mozillaAddons
1569104921356	addons.webextension.screenshots@mozilla.org	WARN	Loading extension 'screenshots@mozilla.org': Reading manifest: Invalid extension permission: telemetry
1569104921356	addons.webextension.screenshots@mozilla.org	WARN	Loading extension 'screenshots@mozilla.org': Reading manifest: Invalid extension permission: resource://pdf.js/
1569104921356	addons.webextension.screenshots@mozilla.org	WARN	Loading extension 'screenshots@mozilla.org': Reading manifest: Invalid extension permission: about:reader*
1569104923117	Marionette	INFO	Listening on port 60737
1569104923124	Marionette	WARN	TLS certificate errors will be ignored for this session
1569104926216	Marionette	INFO	Stopped listening on port 60737
IPDL protocol error: Handler returned error code!

###!!! [Parent][DispatchAsyncMessage] Error: PLayerTransaction::Msg_ReleaseLayer Processing error: message was deserialized, but the handler returned false (indicating failure)

IPDL protocol error: Handler returned error code!

###!!! [Parent][DispatchAsyncMessage] Error: PLayerTransaction::Msg_ReleaseLayer Processing error: message was deserialized, but the handler returned false (indicating failure)

JavaScript error: https://cdn.doubleverify.com/dv-measurements284.js, line 66: TypeError: h.c.L(...) is undefined
JavaScript error: https://tpc.googlesyndication.com/sodar/Enqz_20U.html, line 35: NS_ERROR_NOT_INITIALIZED: 
JavaScript error: https://tpc.googlesyndication.com/sodar/Enqz_20U.html, line 35: NS_ERROR_NOT_INITIALIZED: 
JavaScript error: https://cdn.doubleverify.com/dv-measurements284.js, line 66: TypeError: h.c.L(...) is undefined
1569105172759	mozrunner::runner	INFO	Running command: "/Applications/Firefox.app/Contents/MacOS/firefox-bin" "-marionette" "-headless" "-foreground" "-no-remote" "-profile" "/var/folders/c5/nx06g05j6mvd9w63ljhzzdy40000gn/T/rust_mozprofile.iShaCcwLZwU6"
*** You are running in headless mode.
1569105173277	addons.webextension.screenshots@mozilla.org	WARN	Loading extension 'screenshots@mozilla.org': Reading manifest: Invalid extension permission: mozillaAddons
1569105173277	addons.webextension.screenshots@mozilla.org	WARN	Loading extension 'screenshots@mozilla.org': Reading manifest: Invalid extension permission: telemetry
1569105173277	addons.webextension.screenshots@mozilla.org	WARN	Loading extension 'screenshots@mozilla.org': Reading manifest: Invalid extension permission: resource://pdf.js/
1569105173277	addons.webextension.screenshots@mozilla.org	WARN	Loading extension 'screenshots@mozilla.org': Reading manifest: Invalid extension permission: about:reader*
1569105175042	Marionette	INFO	Listening on port 61912
1569105175133	Marionette	WARN	TLS certificate errors will be ignored for this session
JavaScript warning: https://static.adsafeprotected.com/sca.17.4.95.js, line 32: Array.slice is deprecated; use Array.prototype.slice instead
JavaScript warning: https://static.adsafeprotected.com/sca.17.4.95.js, line 32: Array.slice is deprecated; use Array.prototype.slice instead
1569105179959	Marionette	INFO	Stopped listening on port 61912
1569105203969	mozrunner::runner	INFO	Running command: "/Applications/Firefox.app/Contents/MacOS/firefox-bin" "-marionette" "-headless" "-foreground" "-no-remote" "-profile" "/var/folders/c5/nx06g05j6mvd9w63ljhzzdy40000gn/T/rust_mozprofile.k7QrPBkPcesI"
*** You are running in headless mode.
1569105204482	addons.webextension.screenshots@mozilla.org	WARN	Loading extension 'screenshots@mozilla.org': Reading manifest: Invalid extension permission: mozillaAddons
1569105204483	addons.webextension.screenshots@mozilla.org	WARN	Loading extension 'screenshots@mozilla.org': Reading manifest: Invalid extension permission: telemetry
1569105204483	addons.webextension.screenshots@mozilla.org	WARN	Loading extension 'screenshots@mozilla.org': Reading manifest: Invalid extension permission: resource://pdf.js/
1569105204483	addons.webextension.screenshots@mozilla.org	WARN	Loading extension 'screenshots@mozilla.org': Reading manifest: Invalid extension permission: about:reader*
1569105206232	Marionette	INFO	Listening on port 62163
1569105206262	Marionette	WARN	TLS certificate errors will be ignored for this session
1569105210187	Marionette	INFO	Stopped listening on port 62163
JavaScript error: https://s0.2mdn.net/879366/html_inpage_rendering_lib_200_260.js, line 130: NS_ERROR_NOT_INITIALIZED: 
JavaScript error: https://s0.2mdn.net/879366/html_inpage_rendering_lib_200_260.js, line 130: NS_ERROR_NOT_INITIALIZED: 
1569105235877	mozrunner::runner	INFO	Running command: "/Applications/Firefox.app/Contents/MacOS/firefox-bin" "-marionette" "-headless" "-foreground" "-no-remote" "-profile" "/var/folders/c5/nx06g05j6mvd9w63ljhzzdy40000gn/T/rust_mozprofile.rUqeOyo8gUR6"
*** You are running in headless mode.
1569105236389	addons.webextension.screenshots@mozilla.org	WARN	Loading extension 'screenshots@mozilla.org': Reading manifest: Invalid extension permission: mozillaAddons
1569105236390	addons.webextension.screenshots@mozilla.org	WARN	Loading extension 'screenshots@mozilla.org': Reading manifest: Invalid extension permission: telemetry
1569105236390	addons.webextension.screenshots@mozilla.org	WARN	Loading extension 'screenshots@mozilla.org': Reading manifest: Invalid extension permission: resource://pdf.js/
1569105236390	addons.webextension.screenshots@mozilla.org	WARN	Loading extension 'screenshots@mozilla.org': Reading manifest: Invalid extension permission: about:reader*
1569105238117	Marionette	INFO	Listening on port 62400
1569105238148	Marionette	WARN	TLS certificate errors will be ignored for this session
1569105241264	Marionette	INFO	Stopped listening on port 62400
IPDL protocol error: Handler returned error code!

###!!! [Parent][DispatchAsyncMessage] Error: PLayerTransaction::Msg_ReleaseLayer Processing error: message was deserialized, but the handler returned false (indicating failure)

IPDL protocol error: Handler returned error code!

###!!! [Parent][DispatchAsyncMessage] Error: PLayerTransaction::Msg_ReleaseLayer Processing error: message was deserialized, but the handler returned false (indicating failure)

JavaScript error: https://cdn.doubleverify.com/dv-measurements284.js, line 66: TypeError: h.c.L(...) is undefined
JavaScript error: https://tpc.googlesyndication.com/sodar/Enqz_20U.html, line 35: NS_ERROR_NOT_INITIALIZED: 
1569105299579	mozrunner::runner	INFO	Running command: "/Applications/Firefox.app/Contents/MacOS/firefox-bin" "-marionette" "-headless" "-foreground" "-no-remote" "-profile" "/var/folders/c5/nx06g05j6mvd9w63ljhzzdy40000gn/T/rust_mozprofile.bRuoMZkAxNL2"
*** You are running in headless mode.
1569105300096	addons.webextension.screenshots@mozilla.org	WARN	Loading extension 'screenshots@mozilla.org': Reading manifest: Invalid extension permission: mozillaAddons
1569105300096	addons.webextension.screenshots@mozilla.org	WARN	Loading extension 'screenshots@mozilla.org': Reading manifest: Invalid extension permission: telemetry
1569105300096	addons.webextension.screenshots@mozilla.org	WARN	Loading extension 'screenshots@mozilla.org': Reading manifest: Invalid extension permission: resource://pdf.js/
1569105300097	addons.webextension.screenshots@mozilla.org	WARN	Loading extension 'screenshots@mozilla.org': Reading manifest: Invalid extension permission: about:reader*
1569105302053	Marionette	INFO	Listening on port 62803
1569105302080	Marionette	WARN	TLS certificate errors will be ignored for this session
JavaScript warning: https://static.adsafeprotected.com/sca.17.4.95.js, line 32: Array.slice is deprecated; use Array.prototype.slice instead
JavaScript warning: https://static.adsafeprotected.com/sca.17.4.95.js, line 32: Array.slice is deprecated; use Array.prototype.slice instead
1569105306634	Marionette	INFO	Stopped listening on port 62803
1569105543134	mozrunner::runner	INFO	Running command: "/Applications/Firefox.app/Contents/MacOS/firefox-bin" "-marionette" "-headless" "-foreground" "-no-remote" "-profile" "/var/folders/c5/nx06g05j6mvd9w63ljhzzdy40000gn/T/rust_mozprofile.R4KX6Radzdjt"
*** You are running in headless mode.
1569105543606	addons.webextension.screenshots@mozilla.org	WARN	Loading extension 'screenshots@mozilla.org': Reading manifest: Invalid extension permission: mozillaAddons
1569105543606	addons.webextension.screenshots@mozilla.org	WARN	Loading extension 'screenshots@mozilla.org': Reading manifest: Invalid extension permission: telemetry
1569105543606	addons.webextension.screenshots@mozilla.org	WARN	Loading extension 'screenshots@mozilla.org': Reading manifest: Invalid extension permission: resource://pdf.js/
1569105543606	addons.webextension.screenshots@mozilla.org	WARN	Loading extension 'screenshots@mozilla.org': Reading manifest: Invalid extension permission: about:reader*
1569105545214	Marionette	INFO	Listening on port 63922
1569105545311	Marionette	WARN	TLS certificate errors will be ignored for this session
1569105548627	Marionette	INFO	Stopped listening on port 63922
JavaScript error: https://cdn.doubleverify.com/dv-measurements284.js, line 66: TypeError: h.c.L(...) is undefined
JavaScript error: https://cdn.doubleverify.com/dv-measurements284.js, line 66: TypeError: h.c.L(...) is undefined
1569105632348	mozrunner::runner	INFO	Running command: "/Applications/Firefox.app/Contents/MacOS/firefox-bin" "-marionette" "-headless" "-foreground" "-no-remote" "-profile" "/var/folders/c5/nx06g05j6mvd9w63ljhzzdy40000gn/T/rust_mozprofile.RkL9k8fYPiiE"
*** You are running in headless mode.
1569105632867	addons.webextension.screenshots@mozilla.org	WARN	Loading extension 'screenshots@mozilla.org': Reading manifest: Invalid extension permission: mozillaAddons
1569105632867	addons.webextension.screenshots@mozilla.org	WARN	Loading extension 'screenshots@mozilla.org': Reading manifest: Invalid extension permission: telemetry
1569105632867	addons.webextension.screenshots@mozilla.org	WARN	Loading extension 'screenshots@mozilla.org': Reading manifest: Invalid extension permission: resource://pdf.js/
1569105632867	addons.webextension.screenshots@mozilla.org	WARN	Loading extension 'screenshots@mozilla.org': Reading manifest: Invalid extension permission: about:reader*
1569105634626	Marionette	INFO	Listening on port 64389
1569105634637	Marionette	WARN	TLS certificate errors will be ignored for this session
1569105638076	Marionette	INFO	Stopped listening on port 64389
JavaScript error: https://tpc.googlesyndication.com/sodar/Enqz_20U.html, line 35: NS_ERROR_NOT_INITIALIZED: 
JavaScript error: https://tpc.googlesyndication.com/sodar/Enqz_20U.html, line 35: NS_ERROR_NOT_INITIALIZED: 
1569105754279	mozrunner::runner	INFO	Running command: "/Applications/Firefox.app/Contents/MacOS/firefox-bin" "-marionette" "-headless" "-foreground" "-no-remote" "-profile" "/var/folders/c5/nx06g05j6mvd9w63ljhzzdy40000gn/T/rust_mozprofile.IsjM4SNiTky9"
*** You are running in headless mode.
1569105754792	addons.webextension.screenshots@mozilla.org	WARN	Loading extension 'screenshots@mozilla.org': Reading manifest: Invalid extension permission: mozillaAddons
1569105754792	addons.webextension.screenshots@mozilla.org	WARN	Loading extension 'screenshots@mozilla.org': Reading manifest: Invalid extension permission: telemetry
1569105754793	addons.webextension.screenshots@mozilla.org	WARN	Loading extension 'screenshots@mozilla.org': Reading manifest: Invalid extension permission: resource://pdf.js/
1569105754793	addons.webextension.screenshots@mozilla.org	WARN	Loading extension 'screenshots@mozilla.org': Reading manifest: Invalid extension permission: about:reader*
1569105756490	Marionette	INFO	Listening on port 65013
1569105756545	Marionette	WARN	TLS certificate errors will be ignored for this session
1569105760317	Marionette	INFO	Stopped listening on port 65013
JavaScript error: https://cdn.doubleverify.com/dv-measurements284.js, line 66: TypeError: h.c.L(...) is undefined
JavaScript error: https://cdn.doubleverify.com/dv-measurements284.js, line 66: TypeError: h.c.L(...) is undefined

###!!! [Child][MessageChannel] Error: (msgtype=0x540005,name=PHttpChannel::Msg_Cancel) Channel closing: too late to send/recv, messages will be lost


###!!! [Child][RunMessage] Error: Channel closing: too late to send/recv, messages will be lost


###!!! [Child][MessageChannel] Error: (msgtype=0x3600C0,name=PContent::Msg_ScriptError) Channel closing: too late to send/recv, messages will be lost

1569105782931	mozrunner::runner	INFO	Running command: "/Applications/Firefox.app/Contents/MacOS/firefox-bin" "-marionette" "-headless" "-foreground" "-no-remote" "-profile" "/var/folders/c5/nx06g05j6mvd9w63ljhzzdy40000gn/T/rust_mozprofile.0cOTX13K288h"
*** You are running in headless mode.
1569105783452	addons.webextension.screenshots@mozilla.org	WARN	Loading extension 'screenshots@mozilla.org': Reading manifest: Invalid extension permission: mozillaAddons
1569105783452	addons.webextension.screenshots@mozilla.org	WARN	Loading extension 'screenshots@mozilla.org': Reading manifest: Invalid extension permission: telemetry
1569105783452	addons.webextension.screenshots@mozilla.org	WARN	Loading extension 'screenshots@mozilla.org': Reading manifest: Invalid extension permission: resource://pdf.js/
1569105783452	addons.webextension.screenshots@mozilla.org	WARN	Loading extension 'screenshots@mozilla.org': Reading manifest: Invalid extension permission: about:reader*
1569105785314	Marionette	INFO	Listening on port 65274
1569105785410	Marionette	WARN	TLS certificate errors will be ignored for this session
JavaScript warning: https://static.adsafeprotected.com/sca.17.4.95.js, line 32: Array.slice is deprecated; use Array.prototype.slice instead
JavaScript warning: https://static.adsafeprotected.com/sca.17.4.95.js, line 32: Array.slice is deprecated; use Array.prototype.slice instead
1569105790022	Marionette	INFO	Stopped listening on port 65274
1569106527996	mozrunner::runner	INFO	Running command: "/Applications/Firefox.app/Contents/MacOS/firefox-bin" "-marionette" "-headless" "-foreground" "-no-remote" "-profile" "/var/folders/c5/nx06g05j6mvd9w63ljhzzdy40000gn/T/rust_mozprofile.ieslB4NbqIQz"
*** You are running in headless mode.
1569106528709	addons.webextension.screenshots@mozilla.org	WARN	Loading extension 'screenshots@mozilla.org': Reading manifest: Invalid extension permission: mozillaAddons
1569106528710	addons.webextension.screenshots@mozilla.org	WARN	Loading extension 'screenshots@mozilla.org': Reading manifest: Invalid extension permission: telemetry
1569106528710	addons.webextension.screenshots@mozilla.org	WARN	Loading extension 'screenshots@mozilla.org': Reading manifest: Invalid extension permission: resource://pdf.js/
1569106528710	addons.webextension.screenshots@mozilla.org	WARN	Loading extension 'screenshots@mozilla.org': Reading manifest: Invalid extension permission: about:reader*
1569106531089	Marionette	INFO	Listening on port 52115
1569106531101	Marionette	WARN	TLS certificate errors will be ignored for this session
1569106536387	Marionette	INFO	Stopped listening on port 52115
1569106547306	mozrunner::runner	INFO	Running command: "/Applications/Firefox.app/Contents/MacOS/firefox-bin" "-marionette" "-headless" "-foreground" "-no-remote" "-profile" "/var/folders/c5/nx06g05j6mvd9w63ljhzzdy40000gn/T/rust_mozprofile.fHl72iarrvmg"
*** You are running in headless mode.
1569106547843	addons.webextension.screenshots@mozilla.org	WARN	Loading extension 'screenshots@mozilla.org': Reading manifest: Invalid extension permission: mozillaAddons
1569106547843	addons.webextension.screenshots@mozilla.org	WARN	Loading extension 'screenshots@mozilla.org': Reading manifest: Invalid extension permission: telemetry
1569106547843	addons.webextension.screenshots@mozilla.org	WARN	Loading extension 'screenshots@mozilla.org': Reading manifest: Invalid extension permission: resource://pdf.js/
1569106547843	addons.webextension.screenshots@mozilla.org	WARN	Loading extension 'screenshots@mozilla.org': Reading manifest: Invalid extension permission: about:reader*
1569106549733	Marionette	INFO	Listening on port 52383
1569106549796	Marionette	WARN	TLS certificate errors will be ignored for this session
JavaScript warning: https://static.adsafeprotected.com/sca.17.4.95.js, line 32: Array.slice is deprecated; use Array.prototype.slice instead
1569106559381	Marionette	INFO	Stopped listening on port 52383
1569106642803	mozrunner::runner	INFO	Running command: "/Applications/Firefox.app/Contents/MacOS/firefox-bin" "-marionette" "-headless" "-foreground" "-no-remote" "-profile" "/var/folders/c5/nx06g05j6mvd9w63ljhzzdy40000gn/T/rust_mozprofile.rYLRAX04ELNY"
*** You are running in headless mode.
1569106643334	addons.webextension.screenshots@mozilla.org	WARN	Loading extension 'screenshots@mozilla.org': Reading manifest: Invalid extension permission: mozillaAddons
1569106643334	addons.webextension.screenshots@mozilla.org	WARN	Loading extension 'screenshots@mozilla.org': Reading manifest: Invalid extension permission: telemetry
1569106643335	addons.webextension.screenshots@mozilla.org	WARN	Loading extension 'screenshots@mozilla.org': Reading manifest: Invalid extension permission: resource://pdf.js/
1569106643335	addons.webextension.screenshots@mozilla.org	WARN	Loading extension 'screenshots@mozilla.org': Reading manifest: Invalid extension permission: about:reader*
1569106645156	Marionette	INFO	Listening on port 52899
1569106645174	Marionette	WARN	TLS certificate errors will be ignored for this session
JavaScript warning: https://static.adsafeprotected.com/sca.17.4.95.js, line 32: Array.slice is deprecated; use Array.prototype.slice instead
1569106655933	Marionette	INFO	Stopped listening on port 52899
1569106701590	mozrunner::runner	INFO	Running command: "/Applications/Firefox.app/Contents/MacOS/firefox-bin" "-marionette" "-headless" "-foreground" "-no-remote" "-profile" "/var/folders/c5/nx06g05j6mvd9w63ljhzzdy40000gn/T/rust_mozprofile.z2LjvmDAE81B"
*** You are running in headless mode.
1569106702119	addons.webextension.screenshots@mozilla.org	WARN	Loading extension 'screenshots@mozilla.org': Reading manifest: Invalid extension permission: mozillaAddons
1569106702119	addons.webextension.screenshots@mozilla.org	WARN	Loading extension 'screenshots@mozilla.org': Reading manifest: Invalid extension permission: telemetry
1569106702119	addons.webextension.screenshots@mozilla.org	WARN	Loading extension 'screenshots@mozilla.org': Reading manifest: Invalid extension permission: resource://pdf.js/
1569106702119	addons.webextension.screenshots@mozilla.org	WARN	Loading extension 'screenshots@mozilla.org': Reading manifest: Invalid extension permission: about:reader*
1569106703888	Marionette	INFO	Listening on port 53268
1569106703952	Marionette	WARN	TLS certificate errors will be ignored for this session
1569106707580	Marionette	INFO	Stopped listening on port 53268
1569106850263	mozrunner::runner	INFO	Running command: "/Applications/Firefox.app/Contents/MacOS/firefox-bin" "-marionette" "-headless" "-foreground" "-no-remote" "-profile" "/var/folders/c5/nx06g05j6mvd9w63ljhzzdy40000gn/T/rust_mozprofile.TKzeyOVQ8u01"
*** You are running in headless mode.
1569106850761	addons.webextension.screenshots@mozilla.org	WARN	Loading extension 'screenshots@mozilla.org': Reading manifest: Invalid extension permission: mozillaAddons
1569106850761	addons.webextension.screenshots@mozilla.org	WARN	Loading extension 'screenshots@mozilla.org': Reading manifest: Invalid extension permission: telemetry
1569106850761	addons.webextension.screenshots@mozilla.org	WARN	Loading extension 'screenshots@mozilla.org': Reading manifest: Invalid extension permission: resource://pdf.js/
1569106850761	addons.webextension.screenshots@mozilla.org	WARN	Loading extension 'screenshots@mozilla.org': Reading manifest: Invalid extension permission: about:reader*
1569106852619	Marionette	INFO	Listening on port 54056
1569106852641	Marionette	WARN	TLS certificate errors will be ignored for this session
JavaScript warning: https://static.adsafeprotected.com/sca.17.4.95.js, line 32: Array.slice is deprecated; use Array.prototype.slice instead
JavaScript warning: https://static.adsafeprotected.com/sca.17.4.95.js, line 32: Array.slice is deprecated; use Array.prototype.slice instead
1569106857430	Marionette	INFO	Stopped listening on port 54056
1569107039481	mozrunner::runner	INFO	Running command: "/Applications/Firefox.app/Contents/MacOS/firefox-bin" "-marionette" "-headless" "-foreground" "-no-remote" "-profile" "/var/folders/c5/nx06g05j6mvd9w63ljhzzdy40000gn/T/rust_mozprofile.E9VXCVYXfhmp"
*** You are running in headless mode.
1569107040042	addons.webextension.screenshots@mozilla.org	WARN	Loading extension 'screenshots@mozilla.org': Reading manifest: Invalid extension permission: mozillaAddons
1569107040042	addons.webextension.screenshots@mozilla.org	WARN	Loading extension 'screenshots@mozilla.org': Reading manifest: Invalid extension permission: telemetry
1569107040042	addons.webextension.screenshots@mozilla.org	WARN	Loading extension 'screenshots@mozilla.org': Reading manifest: Invalid extension permission: resource://pdf.js/
1569107040043	addons.webextension.screenshots@mozilla.org	WARN	Loading extension 'screenshots@mozilla.org': Reading manifest: Invalid extension permission: about:reader*
1569107041886	Marionette	INFO	Listening on port 55004
1569107041965	Marionette	WARN	TLS certificate errors will be ignored for this session
JavaScript warning: https://static.adsafeprotected.com/sca.17.4.95.js, line 32: Array.slice is deprecated; use Array.prototype.slice instead
JavaScript warning: https://static.adsafeprotected.com/sca.17.4.95.js, line 32: Array.slice is deprecated; use Array.prototype.slice instead
1569107047020	Marionette	INFO	Stopped listening on port 55004
1569107193326	mozrunner::runner	INFO	Running command: "/Applications/Firefox.app/Contents/MacOS/firefox-bin" "-marionette" "-headless" "-foreground" "-no-remote" "-profile" "/var/folders/c5/nx06g05j6mvd9w63ljhzzdy40000gn/T/rust_mozprofile.Nq3YRG2waazq"
*** You are running in headless mode.
1569107193861	addons.webextension.screenshots@mozilla.org	WARN	Loading extension 'screenshots@mozilla.org': Reading manifest: Invalid extension permission: mozillaAddons
1569107193861	addons.webextension.screenshots@mozilla.org	WARN	Loading extension 'screenshots@mozilla.org': Reading manifest: Invalid extension permission: telemetry
1569107193861	addons.webextension.screenshots@mozilla.org	WARN	Loading extension 'screenshots@mozilla.org': Reading manifest: Invalid extension permission: resource://pdf.js/
1569107193861	addons.webextension.screenshots@mozilla.org	WARN	Loading extension 'screenshots@mozilla.org': Reading manifest: Invalid extension permission: about:reader*
1569107195703	Marionette	INFO	Listening on port 55756
1569107195735	Marionette	WARN	TLS certificate errors will be ignored for this session
1569107199856	Marionette	INFO	Stopped listening on port 55756
JavaScript error: https://cdn.doubleverify.com/dv-measurements283.js, line 66: TypeError: h.c.L(...) is undefined
1569107925698	mozrunner::runner	INFO	Running command: "/Applications/Firefox.app/Contents/MacOS/firefox-bin" "-marionette" "-headless" "-foreground" "-no-remote" "-profile" "/var/folders/c5/nx06g05j6mvd9w63ljhzzdy40000gn/T/rust_mozprofile.7CswKgkBoDDx"
*** You are running in headless mode.
1569107926359	addons.webextension.screenshots@mozilla.org	WARN	Loading extension 'screenshots@mozilla.org': Reading manifest: Invalid extension permission: mozillaAddons
1569107926359	addons.webextension.screenshots@mozilla.org	WARN	Loading extension 'screenshots@mozilla.org': Reading manifest: Invalid extension permission: telemetry
1569107926359	addons.webextension.screenshots@mozilla.org	WARN	Loading extension 'screenshots@mozilla.org': Reading manifest: Invalid extension permission: resource://pdf.js/
1569107926359	addons.webextension.screenshots@mozilla.org	WARN	Loading extension 'screenshots@mozilla.org': Reading manifest: Invalid extension permission: about:reader*
1569107928387	Marionette	INFO	Listening on port 58978
1569107928474	Marionette	WARN	TLS certificate errors will be ignored for this session
JavaScript warning: https://static.adsafeprotected.com/sca.17.4.95.js, line 32: Array.slice is deprecated; use Array.prototype.slice instead
JavaScript warning: https://static.adsafeprotected.com/sca.17.4.95.js, line 32: Array.slice is deprecated; use Array.prototype.slice instead
1569107933677	Marionette	INFO	Stopped listening on port 58978
1569108501010	mozrunner::runner	INFO	Running command: "/Applications/Firefox.app/Contents/MacOS/firefox-bin" "-marionette" "-headless" "-foreground" "-no-remote" "-profile" "/var/folders/c5/nx06g05j6mvd9w63ljhzzdy40000gn/T/rust_mozprofile.6E8UPlJvxTJA"
*** You are running in headless mode.
1569108501698	addons.webextension.screenshots@mozilla.org	WARN	Loading extension 'screenshots@mozilla.org': Reading manifest: Invalid extension permission: mozillaAddons
1569108501698	addons.webextension.screenshots@mozilla.org	WARN	Loading extension 'screenshots@mozilla.org': Reading manifest: Invalid extension permission: telemetry
1569108501699	addons.webextension.screenshots@mozilla.org	WARN	Loading extension 'screenshots@mozilla.org': Reading manifest: Invalid extension permission: resource://pdf.js/
1569108501699	addons.webextension.screenshots@mozilla.org	WARN	Loading extension 'screenshots@mozilla.org': Reading manifest: Invalid extension permission: about:reader*
1569108503820	Marionette	INFO	Listening on port 61568
1569108503902	Marionette	WARN	TLS certificate errors will be ignored for this session
1569108508278	Marionette	INFO	Stopped listening on port 61568
JavaScript error: https://cdn.doubleverify.com/dv-measurements284.js, line 66: TypeError: h.c.L(...) is undefined
1569108547830	mozrunner::runner	INFO	Running command: "/Applications/Firefox.app/Contents/MacOS/firefox-bin" "-marionette" "-headless" "-foreground" "-no-remote" "-profile" "/var/folders/c5/nx06g05j6mvd9w63ljhzzdy40000gn/T/rust_mozprofile.4AgqnvtVxNH5"
*** You are running in headless mode.
1569108548433	addons.webextension.screenshots@mozilla.org	WARN	Loading extension 'screenshots@mozilla.org': Reading manifest: Invalid extension permission: mozillaAddons
1569108548434	addons.webextension.screenshots@mozilla.org	WARN	Loading extension 'screenshots@mozilla.org': Reading manifest: Invalid extension permission: telemetry
1569108548434	addons.webextension.screenshots@mozilla.org	WARN	Loading extension 'screenshots@mozilla.org': Reading manifest: Invalid extension permission: resource://pdf.js/
1569108548434	addons.webextension.screenshots@mozilla.org	WARN	Loading extension 'screenshots@mozilla.org': Reading manifest: Invalid extension permission: about:reader*
1569108550307	Marionette	INFO	Listening on port 61879
1569108550320	Marionette	WARN	TLS certificate errors will be ignored for this session
1569108553629	Marionette	INFO	Stopped listening on port 61879
JavaScript error: https://tpc.googlesyndication.com/sodar/Enqz_20U.html, line 35: NS_ERROR_NOT_INITIALIZED: 
JavaScript error: https://tpc.googlesyndication.com/sodar/Enqz_20U.html, line 35: NS_ERROR_NOT_INITIALIZED: 
JavaScript error: https://cdn.doubleverify.com/dv-measurements284.js, line 66: TypeError: h.c.L(...) is undefined
JavaScript error: https://cdn.doubleverify.com/dv-measurements284.js, line 66: TypeError: h.c.L(...) is undefined
1569108593593	mozrunner::runner	INFO	Running command: "/Applications/Firefox.app/Contents/MacOS/firefox-bin" "-marionette" "-headless" "-foreground" "-no-remote" "-profile" "/var/folders/c5/nx06g05j6mvd9w63ljhzzdy40000gn/T/rust_mozprofile.SHpUSt3wmF4U"
*** You are running in headless mode.
1569108594192	addons.webextension.screenshots@mozilla.org	WARN	Loading extension 'screenshots@mozilla.org': Reading manifest: Invalid extension permission: mozillaAddons
1569108594192	addons.webextension.screenshots@mozilla.org	WARN	Loading extension 'screenshots@mozilla.org': Reading manifest: Invalid extension permission: telemetry
1569108594192	addons.webextension.screenshots@mozilla.org	WARN	Loading extension 'screenshots@mozilla.org': Reading manifest: Invalid extension permission: resource://pdf.js/
1569108594192	addons.webextension.screenshots@mozilla.org	WARN	Loading extension 'screenshots@mozilla.org': Reading manifest: Invalid extension permission: about:reader*
1569108596228	Marionette	INFO	Listening on port 62189
1569108596294	Marionette	WARN	TLS certificate errors will be ignored for this session
1569108599711	Marionette	INFO	Stopped listening on port 62189
IPDL protocol error: Handler returned error code!

###!!! [Parent][DispatchAsyncMessage] Error: PLayerTransaction::Msg_ReleaseLayer Processing error: message was deserialized, but the handler returned false (indicating failure)

IPDL protocol error: Handler returned error code!

###!!! [Parent][DispatchAsyncMessage] Error: PLayerTransaction::Msg_ReleaseLayer Processing error: message was deserialized, but the handler returned false (indicating failure)

JavaScript error: https://cdn.doubleverify.com/dv-measurements283.js, line 66: TypeError: h.c.L(...) is undefined
JavaScript error: https://tpc.googlesyndication.com/sodar/Enqz_20U.html, line 35: NS_ERROR_NOT_INITIALIZED: 
JavaScript error: https://tpc.googlesyndication.com/sodar/Enqz_20U.html, line 35: NS_ERROR_NOT_INITIALIZED: 
JavaScript error: https://cdn.doubleverify.com/dv-measurements284.js, line 66: TypeError: h.c.L(...) is undefined
1569108637594	mozrunner::runner	INFO	Running command: "/Applications/Firefox.app/Contents/MacOS/firefox-bin" "-marionette" "-headless" "-foreground" "-no-remote" "-profile" "/var/folders/c5/nx06g05j6mvd9w63ljhzzdy40000gn/T/rust_mozprofile.llv3oExqvI1p"
*** You are running in headless mode.
1569108638187	addons.webextension.screenshots@mozilla.org	WARN	Loading extension 'screenshots@mozilla.org': Reading manifest: Invalid extension permission: mozillaAddons
1569108638187	addons.webextension.screenshots@mozilla.org	WARN	Loading extension 'screenshots@mozilla.org': Reading manifest: Invalid extension permission: telemetry
1569108638188	addons.webextension.screenshots@mozilla.org	WARN	Loading extension 'screenshots@mozilla.org': Reading manifest: Invalid extension permission: resource://pdf.js/
1569108638188	addons.webextension.screenshots@mozilla.org	WARN	Loading extension 'screenshots@mozilla.org': Reading manifest: Invalid extension permission: about:reader*
1569108640155	Marionette	INFO	Listening on port 62492
1569108640197	Marionette	WARN	TLS certificate errors will be ignored for this session
JavaScript warning: https://static.adsafeprotected.com/sca.17.4.95.js, line 32: Array.slice is deprecated; use Array.prototype.slice instead
JavaScript warning: https://static.adsafeprotected.com/sca.17.4.95.js, line 32: Array.slice is deprecated; use Array.prototype.slice instead
1569108644816	Marionette	INFO	Stopped listening on port 62492
1569108910546	mozrunner::runner	INFO	Running command: "/Applications/Firefox.app/Contents/MacOS/firefox-bin" "-marionette" "-headless" "-foreground" "-no-remote" "-profile" "/var/folders/c5/nx06g05j6mvd9w63ljhzzdy40000gn/T/rust_mozprofile.0GwosWa8fT7G"
*** You are running in headless mode.
1569108911284	addons.webextension.screenshots@mozilla.org	WARN	Loading extension 'screenshots@mozilla.org': Reading manifest: Invalid extension permission: mozillaAddons
1569108911285	addons.webextension.screenshots@mozilla.org	WARN	Loading extension 'screenshots@mozilla.org': Reading manifest: Invalid extension permission: telemetry
1569108911285	addons.webextension.screenshots@mozilla.org	WARN	Loading extension 'screenshots@mozilla.org': Reading manifest: Invalid extension permission: resource://pdf.js/
1569108911285	addons.webextension.screenshots@mozilla.org	WARN	Loading extension 'screenshots@mozilla.org': Reading manifest: Invalid extension permission: about:reader*
1569108913412	Marionette	INFO	Listening on port 63765
1569108913514	Marionette	WARN	TLS certificate errors will be ignored for this session
1569108917799	Marionette	INFO	Stopped listening on port 63765
JavaScript error: https://tpc.googlesyndication.com/sodar/Enqz_20U.html, line 35: NS_ERROR_NOT_INITIALIZED: 
JavaScript error: https://tpc.googlesyndication.com/sodar/Enqz_20U.html, line 35: NS_ERROR_NOT_INITIALIZED: 

###!!! [Child][RunMessage] Error: Channel closing: too late to send/recv, messages will be lost


###!!! [Child][RunMessage] Error: Channel closing: too late to send/recv, messages will be lost


###!!! [Child][RunMessage] Error: Channel closing: too late to send/recv, messages will be lost

